# JRE version: OpenJDK Runtime Environment Corretto-11.0.14.9.1 (11.0.14+9) (build 11.0.14+9-LTS)
# Java VM: OpenJDK 64-Bit Server VM Corretto-11.0.14.9.1 (11.0.14+9-LTS, mixed mode, tiered, compressed oops, g1 gc, windows-amd64)
Heap:
 garbage-first heap   total 161792K, used 14797K [0x0000000081c00000, 0x0000000100000000)
  region size 1024K, 5 young (5120K), 5 survivors (5120K)
 Metaspace       used 37787K, capacity 39181K, committed 39248K, reserved 1091584K
  class space    used 4721K, capacity 5275K, committed 5280K, reserved 1048576K
GC Heap History (16 events):
Event: 1.495 GC heap before
{Heap before GC invocations=0 (full 0):
 garbage-first heap   total 131072K, used 14336K [0x0000000081c00000, 0x0000000100000000)
  region size 1024K, 14 young (14336K), 0 survivors (0K)
 Metaspace       used 12601K, capacity 12928K, committed 13184K, reserved 1060864K
  class space    used 1278K, capacity 1372K, committed 1408K, reserved 1048576K
}
Event: 1.509 GC heap after
{Heap after GC invocations=1 (full 0):
 garbage-first heap   total 131072K, used 6499K [0x0000000081c00000, 0x0000000100000000)
  region size 1024K, 2 young (2048K), 2 survivors (2048K)
 Metaspace       used 12601K, capacity 12928K, committed 13184K, reserved 1060864K
  class space    used 1278K, capacity 1372K, committed 1408K, reserved 1048576K
}
Event: 1.780 GC heap before
{Heap before GC invocations=1 (full 0):
 garbage-first heap   total 131072K, used 13667K [0x0000000081c00000, 0x0000000100000000)
  region size 1024K, 9 young (9216K), 2 survivors (2048K)
 Metaspace       used 14048K, capacity 14465K, committed 14720K, reserved 1062912K
  class space    used 1444K, capacity 1590K, committed 1664K, reserved 1048576K
}
Event: 1.785 GC heap after
{Heap after GC invocations=2 (full 0):
 garbage-first heap   total 131072K, used 7388K [0x0000000081c00000, 0x0000000100000000)
  region size 1024K, 1 young (1024K), 1 survivors (1024K)
 Metaspace       used 14048K, capacity 14465K, committed 14720K, reserved 1062912K
  class space    used 1444K, capacity 1590K, committed 1664K, reserved 1048576K
}
Event: 2.357 GC heap before
{Heap before GC invocations=2 (full 0):
 garbage-first heap   total 131072K, used 30940K [0x0000000081c00000, 0x0000000100000000)
  region size 1024K, 24 young (24576K), 1 survivors (1024K)
 Metaspace       used 18040K, capacity 18658K, committed 18944K, reserved 1067008K
  class space    used 1994K, capacity 2221K, committed 2304K, reserved 1048576K
}
Event: 2.399 GC heap after
{Heap after GC invocations=3 (full 0):
 garbage-first heap   total 131072K, used 8602K [0x0000000081c00000, 0x0000000100000000)
  region size 1024K, 2 young (2048K), 2 survivors (2048K)
 Metaspace       used 18040K, capacity 18658K, committed 18944K, reserved 1067008K
  class space    used 1994K, capacity 2221K, committed 2304K, reserved 1048576K
}
Event: 2.761 GC heap before
{Heap before GC invocations=3 (full 0):
 garbage-first heap   total 131072K, used 23962K [0x0000000081c00000, 0x0000000100000000)
  region size 1024K, 18 young (18432K), 2 survivors (2048K)
 Metaspace       used 20427K, capacity 21192K, committed 21296K, reserved 1069056K
  class space    used 2367K, capacity 2672K, committed 2688K, reserved 1048576K
}
Event: 2.768 GC heap after
{Heap after GC invocations=4 (full 0):
 garbage-first heap   total 131072K, used 9366K [0x0000000081c00000, 0x0000000100000000)
  region size 1024K, 3 young (3072K), 3 survivors (3072K)
 Metaspace       used 20427K, capacity 21192K, committed 21296K, reserved 1069056K
  class space    used 2367K, capacity 2672K, committed 2688K, reserved 1048576K
}
Event: 3.299 GC heap before
{Heap before GC invocations=5 (full 0):
 garbage-first heap   total 131072K, used 48278K [0x0000000081c00000, 0x0000000100000000)
  region size 1024K, 41 young (41984K), 3 survivors (3072K)
 Metaspace       used 25410K, capacity 26265K, committed 26364K, reserved 1073152K
  class space    used 2982K, capacity 3321K, committed 3404K, reserved 1048576K
}
Event: 3.307 GC heap after
{Heap after GC invocations=6 (full 0):
 garbage-first heap   total 131072K, used 10789K [0x0000000081c00000, 0x0000000100000000)
  region size 1024K, 5 young (5120K), 5 survivors (5120K)
 Metaspace       used 25410K, capacity 26265K, committed 26364K, reserved 1073152K
  class space    used 2982K, capacity 3321K, committed 3404K, reserved 1048576K
}
Event: 3.970 GC heap before
{Heap before GC invocations=6 (full 0):
 garbage-first heap   total 131072K, used 64037K [0x0000000081c00000, 0x0000000100000000)
  region size 1024K, 57 young (58368K), 5 survivors (5120K)
 Metaspace       used 28278K, capacity 29410K, committed 29692K, reserved 1075200K
  class space    used 3423K, capacity 3854K, committed 3916K, reserved 1048576K
}
Event: 3.981 GC heap after
{Heap after GC invocations=7 (full 0):
 garbage-first heap   total 161792K, used 12575K [0x0000000081c00000, 0x0000000100000000)
  region size 1024K, 6 young (6144K), 6 survivors (6144K)
 Metaspace       used 28278K, capacity 29410K, committed 29692K, reserved 1075200K
  class space    used 3423K, capacity 3854K, committed 3916K, reserved 1048576K
}
Event: 4.849 GC heap before
{Heap before GC invocations=7 (full 0):
 garbage-first heap   total 161792K, used 79135K [0x0000000081c00000, 0x0000000100000000)
  region size 1024K, 72 young (73728K), 6 survivors (6144K)
 Metaspace       used 34682K, capacity 35994K, committed 36048K, reserved 1081344K
  class space    used 4310K, capacity 4874K, committed 4896K, reserved 1048576K
}
Event: 4.866 GC heap after
{Heap after GC invocations=8 (full 0):
 garbage-first heap   total 161792K, used 16550K [0x0000000081c00000, 0x0000000100000000)
  region size 1024K, 10 young (10240K), 10 survivors (10240K)
 Metaspace       used 34682K, capacity 35994K, committed 36048K, reserved 1081344K
  class space    used 4310K, capacity 4874K, committed 4896K, reserved 1048576K
}
Event: 5.395 GC heap before
{Heap before GC invocations=9 (full 0):
 garbage-first heap   total 161792K, used 42150K [0x0000000081c00000, 0x0000000100000000)
  region size 1024K, 36 young (36864K), 10 survivors (10240K)
 Metaspace       used 37787K, capacity 39181K, committed 39248K, reserved 1089536K
  class space    used 4721K, capacity 5275K, committed 5280K, reserved 1048576K
}
Event: 5.410 GC heap after
{Heap after GC invocations=10 (full 0):
 garbage-first heap   total 161792K, used 14797K [0x0000000081c00000, 0x0000000100000000)
  region size 1024K, 5 young (5120K), 5 survivors (5120K)
 Metaspace       used 37787K, capacity 39181K, committed 39248K, reserved 1089536K
  class space    used 4721K, capacity 5275K, committed 5280K, reserved 1048576K
}

