# JRE version: OpenJDK Runtime Environment Corretto-11.0.14.9.1 (11.0.14+9) (build 11.0.14+9-LTS)
# Java VM: OpenJDK 64-Bit Server VM Corretto-11.0.14.9.1 (11.0.14+9-LTS, mixed mode, tiered, compressed oops, g1 gc, windows-amd64)
Heap:
 garbage-first heap   total 157696K, used 18130K [0x0000000081c00000, 0x0000000100000000)
  region size 1024K, 7 young (7168K), 7 survivors (7168K)
 Metaspace       used 41509K, capacity 42929K, committed 43088K, reserved 1097728K
  class space    used 5190K, capacity 5773K, committed 5888K, reserved 1048576K
GC Heap History (14 events):
Event: 1.413 GC heap before
{Heap before GC invocations=0 (full 0):
 garbage-first heap   total 131072K, used 14336K [0x0000000081c00000, 0x0000000100000000)
  region size 1024K, 14 young (14336K), 0 survivors (0K)
 Metaspace       used 12648K, capacity 12960K, committed 13184K, reserved 1060864K
  class space    used 1288K, capacity 1404K, committed 1408K, reserved 1048576K
}
Event: 1.424 GC heap after
{Heap after GC invocations=1 (full 0):
 garbage-first heap   total 131072K, used 6622K [0x0000000081c00000, 0x0000000100000000)
  region size 1024K, 2 young (2048K), 2 survivors (2048K)
 Metaspace       used 12648K, capacity 12960K, committed 13184K, reserved 1060864K
  class space    used 1288K, capacity 1404K, committed 1408K, reserved 1048576K
}
Event: 1.761 GC heap before
{Heap before GC invocations=1 (full 0):
 garbage-first heap   total 131072K, used 17886K [0x0000000081c00000, 0x0000000100000000)
  region size 1024K, 13 young (13312K), 2 survivors (2048K)
 Metaspace       used 14638K, capacity 15038K, committed 15360K, reserved 1062912K
  class space    used 1521K, capacity 1675K, committed 1792K, reserved 1048576K
}
Event: 1.767 GC heap after
{Heap after GC invocations=2 (full 0):
 garbage-first heap   total 131072K, used 7871K [0x0000000081c00000, 0x0000000100000000)
  region size 1024K, 2 young (2048K), 2 survivors (2048K)
 Metaspace       used 14638K, capacity 15038K, committed 15360K, reserved 1062912K
  class space    used 1521K, capacity 1675K, committed 1792K, reserved 1048576K
}
Event: 2.425 GC heap before
{Heap before GC invocations=2 (full 0):
 garbage-first heap   total 131072K, used 34495K [0x0000000081c00000, 0x0000000100000000)
  region size 1024K, 28 young (28672K), 2 survivors (2048K)
 Metaspace       used 18958K, capacity 19678K, committed 19840K, reserved 1067008K
  class space    used 2138K, capacity 2396K, committed 2432K, reserved 1048576K
}
Event: 2.434 GC heap after
{Heap after GC invocations=3 (full 0):
 garbage-first heap   total 131072K, used 9203K [0x0000000081c00000, 0x0000000100000000)
  region size 1024K, 3 young (3072K), 3 survivors (3072K)
 Metaspace       used 18958K, capacity 19678K, committed 19840K, reserved 1067008K
  class space    used 2138K, capacity 2396K, committed 2432K, reserved 1048576K
}
Event: 2.601 GC heap before
{Heap before GC invocations=3 (full 0):
 garbage-first heap   total 131072K, used 18419K [0x0000000081c00000, 0x0000000100000000)
  region size 1024K, 13 young (13312K), 3 survivors (3072K)
 Metaspace       used 20438K, capacity 21192K, committed 21296K, reserved 1069056K
  class space    used 2368K, capacity 2672K, committed 2688K, reserved 1048576K
}
Event: 2.607 GC heap after
{Heap after GC invocations=4 (full 0):
 garbage-first heap   total 131072K, used 9600K [0x0000000081c00000, 0x0000000100000000)
  region size 1024K, 3 young (3072K), 3 survivors (3072K)
 Metaspace       used 20438K, capacity 21192K, committed 21296K, reserved 1069056K
  class space    used 2368K, capacity 2672K, committed 2688K, reserved 1048576K
}
Event: 3.611 GC heap before
{Heap before GC invocations=5 (full 0):
 garbage-first heap   total 131072K, used 83328K [0x0000000081c00000, 0x0000000100000000)
  region size 1024K, 76 young (77824K), 3 survivors (3072K)
 Metaspace       used 26808K, capacity 27780K, committed 27952K, reserved 1073152K
  class space    used 3200K, capacity 3590K, committed 3712K, reserved 1048576K
}
Event: 3.622 GC heap after
{Heap after GC invocations=6 (full 0):
 garbage-first heap   total 157696K, used 12139K [0x0000000081c00000, 0x0000000100000000)
  region size 1024K, 6 young (6144K), 6 survivors (6144K)
 Metaspace       used 26808K, capacity 27780K, committed 27952K, reserved 1073152K
  class space    used 3200K, capacity 3590K, committed 3712K, reserved 1048576K
}
Event: 4.693 GC heap before
{Heap before GC invocations=6 (full 0):
 garbage-first heap   total 157696K, used 94059K [0x0000000081c00000, 0x0000000100000000)
  region size 1024K, 87 young (89088K), 6 survivors (6144K)
 Metaspace       used 34520K, capacity 35828K, committed 35920K, reserved 1081344K
  class space    used 4282K, capacity 4840K, committed 4864K, reserved 1048576K
}
Event: 4.711 GC heap after
{Heap after GC invocations=7 (full 0):
 garbage-first heap   total 157696K, used 16648K [0x0000000081c00000, 0x0000000100000000)
  region size 1024K, 10 young (10240K), 10 survivors (10240K)
 Metaspace       used 34520K, capacity 35828K, committed 35920K, reserved 1081344K
  class space    used 4282K, capacity 4840K, committed 4864K, reserved 1048576K
}
Event: 5.443 GC heap before
{Heap before GC invocations=8 (full 0):
 garbage-first heap   total 157696K, used 70920K [0x0000000081c00000, 0x0000000100000000)
  region size 1024K, 64 young (65536K), 10 survivors (10240K)
 Metaspace       used 41509K, capacity 42929K, committed 43088K, reserved 1095680K
  class space    used 5190K, capacity 5773K, committed 5888K, reserved 1048576K
}
Event: 5.462 GC heap after
{Heap after GC invocations=9 (full 0):
 garbage-first heap   total 157696K, used 18130K [0x0000000081c00000, 0x0000000100000000)
  region size 1024K, 7 young (7168K), 7 survivors (7168K)
 Metaspace       used 41509K, capacity 42929K, committed 43088K, reserved 1095680K
  class space    used 5190K, capacity 5773K, committed 5888K, reserved 1048576K
}

